{
  "RSpec": {
    "coverage": {
      "/Users/Jorge/Dropbox/projects/new_curriculum/config/environment.rb": [
        null,
        1,
        null,
        null,
        1
      ],
      "/Users/Jorge/Dropbox/projects/new_curriculum/config/application.rb": [
        1,
        null,
        1,
        null,
        null,
        null,
        1,
        null,
        1,
        1,
        null,
        null,
        null,
        null,
        null,
        null,
        null,
        null,
        null,
        null,
        null,
        null,
        null
      ],
      "/Users/Jorge/Dropbox/projects/new_curriculum/config/boot.rb": [
        null,
        1,
        null,
        1
      ],
      "/Users/Jorge/Dropbox/projects/new_curriculum/config/environments/test.rb": [
        1,
        null,
        null,
        null,
        null,
        null,
        null,
        1,
        null,
        null,
        null,
        null,
        1,
        null,
        null,
        1,
        1,
        null,
        null,
        1,
        1,
        null,
        null,
        1,
        null,
        null,
        1,
        null,
        null,
        null,
        null,
        1,
        null,
        null,
        1,
        null
      ],
      "/Users/Jorge/Dropbox/projects/new_curriculum/config/initializers/backtrace_silencers.rb": [
        null,
        null,
        null,
        null,
        null,
        null,
        null
      ],
      "/Users/Jorge/Dropbox/projects/new_curriculum/config/initializers/filter_parameter_logging.rb": [
        null,
        null,
        null,
        1
      ],
      "/Users/Jorge/Dropbox/projects/new_curriculum/config/initializers/haml.rb": [
        1
      ],
      "/Users/Jorge/Dropbox/projects/new_curriculum/config/initializers/inflections.rb": [
        null,
        null,
        null,
        null,
        null,
        null,
        null,
        null,
        null,
        null,
        null,
        null,
        null,
        null,
        null,
        null
      ],
      "/Users/Jorge/Dropbox/projects/new_curriculum/config/initializers/liquid_tags.rb": [
        1,
        null,
        null,
        null,
        null,
        null,
        null,
        1,
        4,
        null
      ],
      "/Users/Jorge/Dropbox/projects/new_curriculum/app/services/terminal_tag.rb": [
        1,
        1,
        0,
        null,
        null,
        1,
        0,
        null,
        null,
        null,
        null,
        null,
        null,
        null,
        null,
        0,
        null,
        null,
        null,
        1,
        null,
        1,
        0,
        0,
        0,
        null,
        0,
        0,
        0,
        0,
        null,
        null,
        1,
        0,
        0,
        null,
        null,
        1,
        0,
        0,
        0,
        null,
        0,
        0,
        null,
        0,
        null,
        null,
        1,
        0,
        null,
        null
      ],
      "/Users/Jorge/Dropbox/projects/new_curriculum/app/services/irb_tag.rb": [
        1,
        1,
        null,
        1,
        0,
        0,
        null,
        null,
        1,
        0,
        null,
        null,
        null,
        null,
        null,
        null,
        null,
        0,
        null,
        null,
        null,
        null,
        1,
        0,
        null,
        null,
        1,
        0,
        null,
        null,
        1,
        0,
        0,
        null,
        0,
        null,
        0,
        0,
        0,
        0,
        0,
        0,
        null,
        0,
        0,
        null,
        null,
        0,
        null,
        null
      ],
      "/Users/Jorge/Dropbox/projects/new_curriculum/app/services/exercise_tag.rb": [
        1,
        1,
        0,
        0,
        null,
        null,
        1,
        0,
        null,
        0,
        0,
        null,
        null,
        0,
        null,
        null,
        0,
        null,
        null,
        null
      ],
      "/Users/Jorge/Dropbox/projects/new_curriculum/app/services/archive_tag.rb": [
        1,
        1,
        null,
        null,
        null,
        null,
        null,
        null,
        null,
        null,
        null,
        1,
        0,
        0,
        null,
        null,
        1,
        0,
        null,
        null,
        null,
        null,
        0,
        null,
        null,
        null,
        null,
        null,
        null,
        null
      ],
      "/Users/Jorge/Dropbox/projects/new_curriculum/config/initializers/mime_types.rb": [
        null,
        null,
        null,
        null,
        null
      ],
      "/Users/Jorge/Dropbox/projects/new_curriculum/config/initializers/omniauth.rb": [
        1,
        null,
        1,
        1,
        null
      ],
      "/Users/Jorge/Dropbox/projects/new_curriculum/config/initializers/redcarpet.rb": [
        1,
        1,
        0,
        0,
        null,
        null,
        null,
        null,
        null,
        null,
        null,
        null,
        0,
        null,
        null,
        null,
        1,
        1
      ],
      "/Users/Jorge/Dropbox/projects/new_curriculum/config/initializers/secret_token.rb": [
        null,
        null,
        null,
        null,
        null,
        null,
        null,
        null,
        null,
        null,
        null,
        1
      ],
      "/Users/Jorge/Dropbox/projects/new_curriculum/config/initializers/session_store.rb": [
        null,
        null,
        1
      ],
      "/Users/Jorge/Dropbox/projects/new_curriculum/config/initializers/wrap_parameters.rb": [
        null,
        null,
        null,
        null,
        null,
        null,
        1,
        1,
        null,
        null,
        null,
        null,
        null,
        null
      ],
      "/Users/Jorge/Dropbox/projects/new_curriculum/config/routes.rb": [
        1,
        1,
        1,
        1,
        null,
        1,
        1,
        null,
        1,
        null,
        null,
        null,
        null,
        null,
        null,
        null,
        null,
        null,
        null,
        null,
        null,
        null,
        null,
        null,
        null,
        null,
        null,
        null,
        null,
        null,
        null,
        null,
        null,
        null,
        null,
        null,
        null,
        null,
        null,
        null,
        null,
        null,
        null,
        null,
        null,
        null,
        null,
        null,
        null,
        null,
        null,
        null,
        null,
        null,
        null,
        null,
        null,
        null,
        null,
        null,
        null,
        null,
        null,
        null,
        null,
        1,
        null
      ],
      "/Users/Jorge/Dropbox/projects/new_curriculum/app/helpers/application_helper.rb": [
        1,
        null
      ],
      "/Users/Jorge/Dropbox/projects/new_curriculum/app/helpers/home_helper.rb": [
        1,
        null
      ],
      "/Users/Jorge/Dropbox/projects/new_curriculum/app/helpers/pages_helper.rb": [
        1,
        1,
        0,
        null,
        null
      ],
      "/Users/Jorge/Dropbox/projects/new_curriculum/app/helpers/search_helper.rb": [
        1,
        1,
        0,
        null,
        null,
        1,
        0,
        null,
        null
      ],
      "/Users/Jorge/Dropbox/projects/new_curriculum/app/helpers/sessions_helper.rb": [
        1,
        null
      ],
      "/Users/Jorge/Dropbox/projects/new_curriculum/app/models/user.rb": [
        1,
        1,
        13,
        null,
        null,
        null,
        null,
        13,
        null,
        null,
        null,
        null,
        null,
        null,
        null,
        13,
        null,
        null
      ]
    },
    "timestamp": 1393542035
  }
}
